<?xml version="1.0" encoding="UTF-8"?>
<!-- Generated by org.testng.reporters.JUnitReportReporter -->
<testsuite hostname="DESKTOP-TGGH1E0" failures="0" tests="6" name="magento.com.tests.BuyingWomenClothesTest" time="224.312" errors="0" timestamp="2025-09-23T18:17:12 IDT" skipped="0">
  <testcase classname="magento.com.tests.BuyingWomenClothesTest" name="tc_13_buyWomenHoodies" time="39.420"/>
  <system-out/>
  <testcase classname="magento.com.tests.BuyingWomenClothesTest" name="tc_14_buyWomentees" time="37.326"/>
  <system-out/>
  <testcase classname="magento.com.tests.BuyingWomenClothesTest" name="tc_12_buyWomenJacket" time="36.675"/>
  <system-out/>
  <testcase classname="magento.com.tests.BuyingWomenClothesTest" name="tc_15_buyWomenBras" time="35.691"/>
  <system-out/>
  <testcase classname="magento.com.tests.BuyingWomenClothesTest" name="tc_17_buyWomenShorts" time="37.467"/>
  <system-out/>
  <testcase classname="magento.com.tests.BuyingWomenClothesTest" name="tc_16_buyWomenPants" time="37.733"/>
  <system-out/>
</testsuite> <!-- magento.com.tests.BuyingWomenClothesTest -->
