<?xml version="1.0" encoding="UTF-8"?>
<!-- Generated by org.testng.reporters.JUnitReportReporter -->
<testsuite hostname="DESKTOP-TGGH1E0" failures="0" tests="5" name="magento.com.tests.SignInTest" time="53.866" errors="0" timestamp="2025-09-24T09:49:13 IDT" skipped="0">
  <testcase classname="magento.com.tests.SignInTest" name="tc05_validLogin" time="13.083"/>
  <system-out/>
  <testcase classname="magento.com.tests.SignInTest" name="tc04_emptyPasswordField" time="9.928"/>
  <system-out/>
  <testcase classname="magento.com.tests.SignInTest" name="tc01_loginFailed" time="12.991"/>
  <system-out/>
  <testcase classname="magento.com.tests.SignInTest" name="tc02_invalidEmail" time="8.829"/>
  <system-out/>
  <testcase classname="magento.com.tests.SignInTest" name="tc03_emptyEmailField" time="9.035"/>
  <system-out/>
</testsuite> <!-- magento.com.tests.SignInTest -->
