<?xml version="1.0" encoding="UTF-8"?>
<!-- Generated by org.testng.reporters.JUnitReportReporter -->
<testsuite hostname="DESKTOP-TGGH1E0" failures="0" tests="6" name="magento.com.tests.BuyingMensClothesTest" time="264.880" errors="0" timestamp="2025-09-20T18:13:44 IDT" skipped="0">
  <testcase classname="magento.com.tests.BuyingMensClothesTest" name="tc_10_buyMenPants" time="43.905"/>
  <system-out/>
  <testcase classname="magento.com.tests.BuyingMensClothesTest" name="tc_07_buyMenHoodies" time="43.212"/>
  <system-out/>
  <testcase classname="magento.com.tests.BuyingMensClothesTest" name="tc_06_buyMenJacket" time="45.611"/>
  <system-out/>
  <testcase classname="magento.com.tests.BuyingMensClothesTest" name="tc_11_buyMenShorts" time="43.036"/>
  <system-out/>
  <testcase classname="magento.com.tests.BuyingMensClothesTest" name="tc_08_buyMenTees" time="44.975"/>
  <system-out/>
  <testcase classname="magento.com.tests.BuyingMensClothesTest" name="tc_09_buyMenTanks" time="44.141"/>
  <system-out/>
</testsuite> <!-- magento.com.tests.BuyingMensClothesTest -->
