<?xml version="1.0" encoding="UTF-8"?>
<!-- Generated by org.testng.reporters.JUnitReportReporter -->
<testsuite hostname="DESKTOP-TGGH1E0" failures="0" tests="5" name="magento.com.tests.SignInTest" time="42.011" errors="0" timestamp="2025-09-24T09:59:51 IDT" skipped="0">
  <testcase classname="magento.com.tests.SignInTest" name="tc02_invalidEmail" time="7.022"/>
  <testcase classname="magento.com.tests.SignInTest" name="tc05_validLogin" time="10.779"/>
  <testcase classname="magento.com.tests.SignInTest" name="tc04_emptyPasswordField" time="7.206"/>
  <testcase classname="magento.com.tests.SignInTest" name="tc01_loginFailed" time="9.737"/>
  <testcase classname="magento.com.tests.SignInTest" name="tc03_emptyEmailField" time="7.267"/>
</testsuite> <!-- magento.com.tests.SignInTest -->
