<?xml version="1.0" encoding="UTF-8"?>
<!-- Generated by org.testng.reporters.JUnitReportReporter -->
<testsuite hostname="DESKTOP-TGGH1E0" failures="0" tests="6" name="magento.com.tests.BuyingWomenClothesTest" time="208.245" errors="0" timestamp="2025-09-24T09:59:51 IDT" skipped="0">
  <testcase classname="magento.com.tests.BuyingWomenClothesTest" name="tc_17_buyWomenShorts" time="35.301"/>
  <testcase classname="magento.com.tests.BuyingWomenClothesTest" name="tc_12_buyWomenJacket" time="34.155"/>
  <testcase classname="magento.com.tests.BuyingWomenClothesTest" name="tc_16_buyWomenPants" time="34.756"/>
  <testcase classname="magento.com.tests.BuyingWomenClothesTest" name="tc_13_buyWomenHoodies" time="33.869"/>
  <testcase classname="magento.com.tests.BuyingWomenClothesTest" name="tc_15_buyWomenBras" time="34.735"/>
  <testcase classname="magento.com.tests.BuyingWomenClothesTest" name="tc_14_buyWomentees" time="35.429"/>
</testsuite> <!-- magento.com.tests.BuyingWomenClothesTest -->
