<?xml version="1.0" encoding="UTF-8"?>
<!-- Generated by org.testng.reporters.JUnitReportReporter -->
<testsuite hostname="DESKTOP-TGGH1E0" failures="0" tests="3" name="magento.com.tests.AddToCartTest" time="149.469" errors="0" timestamp="2025-09-24T09:59:51 IDT" skipped="0">
  <testcase classname="magento.com.tests.AddToCartTest" name="tc_20_deletingItemsFromTheCart" time="56.577"/>
  <testcase classname="magento.com.tests.AddToCartTest" name="tc_18_AddingSeveralItemsToCartTest" time="36.769"/>
  <testcase classname="magento.com.tests.AddToCartTest" name="tc_19_EditingItemsNumbers" time="56.123"/>
</testsuite> <!-- magento.com.tests.AddToCartTest -->
