<?xml version="1.0" encoding="UTF-8"?>
<!-- Generated by org.testng.reporters.JUnitReportReporter -->
<testsuite hostname="DESKTOP-TGGH1E0" failures="0" tests="7" name="magento.com.tests.SignInTest" time="113.064" errors="0" timestamp="2025-08-15T15:36:30 IDT" skipped="0">
  <testcase classname="magento.com.tests.SignInTest" name="tc02_invalidEmail" time="12.571"/>
  <system-out/>
  <testcase classname="magento.com.tests.SignInTest" name="tc04_validLogin" time="20.193"/>
  <system-out/>
  <testcase classname="magento.com.tests.SignInTest" name="tc01_loginFailed" time="15.542"/>
  <system-out/>
  <testcase classname="magento.com.tests.SignInTest" name="tc03_emptyEmailField" time="11.864"/>
  <system-out/>
  <testcase classname="magento.com.tests.SignInTest" name="tc04_emptyPasswordField" time="12.151"/>
  <system-out/>
  <testcase classname="magento.com.tests.SignInTest" name="tc01_loginFailed" time="22.586"/>
  <system-out/>
  <testcase classname="magento.com.tests.SignInTest" name="tc01_loginFailed" time="18.157"/>
  <system-out/>
</testsuite> <!-- magento.com.tests.SignInTest -->
