<?xml version="1.0" encoding="UTF-8"?>
<!-- Generated by org.testng.reporters.JUnitReportReporter -->
<testsuite hostname="DESKTOP-TGGH1E0" failures="0" tests="3" name="magento.com.tests.AddToCartTest" time="195.086" errors="0" timestamp="2025-08-09T10:34:03 IDT" skipped="0">
  <testcase classname="magento.com.tests.AddToCartTest" name="tc_20_deletingItemsFromTheCart" time="77.422"/>
  <system-out/>
  <testcase classname="magento.com.tests.AddToCartTest" name="tc_19_EditingItemsNumbers" time="80.003"/>
  <system-out/>
  <testcase classname="magento.com.tests.AddToCartTest" name="tc_18_AddingSeveralItemsToCartTest" time="37.661"/>
  <system-out/>
</testsuite> <!-- magento.com.tests.AddToCartTest -->
