<?xml version="1.0" encoding="UTF-8"?>
<!-- Generated by org.testng.reporters.JUnitReportReporter -->
<testsuite hostname="DESKTOP-TGGH1E0" failures="0" tests="6" name="magento.com.tests.BuyingMensClothesTest" time="443.670" errors="0" timestamp="2025-08-09T11:44:05 IDT" skipped="0">
  <testcase classname="magento.com.tests.BuyingMensClothesTest" name="tc_11_buyMenShorts" time="73.832"/>
  <system-out/>
  <testcase classname="magento.com.tests.BuyingMensClothesTest" name="tc_07_buyMenHoodies" time="75.011"/>
  <system-out/>
  <testcase classname="magento.com.tests.BuyingMensClothesTest" name="tc_06_buyMenJacket" time="62.484"/>
  <system-out/>
  <testcase classname="magento.com.tests.BuyingMensClothesTest" name="tc_09_buyMenTanks" time="70.854"/>
  <system-out/>
  <testcase classname="magento.com.tests.BuyingMensClothesTest" name="tc_08_buyMenTees" time="83.738"/>
  <system-out/>
  <testcase classname="magento.com.tests.BuyingMensClothesTest" name="tc_10_buyMenPants" time="77.751"/>
  <system-out/>
</testsuite> <!-- magento.com.tests.BuyingMensClothesTest -->
