<?xml version="1.0" encoding="UTF-8"?>
<!-- Generated by org.testng.reporters.JUnitReportReporter -->
<testsuite hostname="DESKTOP-TGGH1E0" failures="0" tests="6" name="magento.com.tests.BuyingWomenClothesTest" time="547.778" errors="0" timestamp="2025-08-09T13:32:48 IDT" skipped="0">
  <testcase classname="magento.com.tests.BuyingWomenClothesTest" name="tc_14_buyWomenteess" time="102.725"/>
  <system-out/>
  <testcase classname="magento.com.tests.BuyingWomenClothesTest" name="tc_17_buyWomenShorts" time="91.763"/>
  <system-out/>
  <testcase classname="magento.com.tests.BuyingWomenClothesTest" name="tc_12_buyWomenJacket" time="90.536"/>
  <system-out/>
  <testcase classname="magento.com.tests.BuyingWomenClothesTest" name="tc_15_buyWomenBras" time="102.551"/>
  <system-out/>
  <testcase classname="magento.com.tests.BuyingWomenClothesTest" name="tc_16_buyWomenPants" time="89.480"/>
  <system-out/>
  <testcase classname="magento.com.tests.BuyingWomenClothesTest" name="tc_13_buyWomenHoodies" time="70.723"/>
  <system-out/>
</testsuite> <!-- magento.com.tests.BuyingWomenClothesTest -->
