<?xml version="1.0" encoding="UTF-8"?>
<!-- Generated by org.testng.reporters.JUnitReportReporter -->
<testsuite hostname="DESKTOP-TGGH1E0" failures="0" tests="3" name="magento.com.tests.AddToCartTest" time="218.925" errors="0" timestamp="2025-08-15T16:35:15 IDT" skipped="0">
  <testcase classname="magento.com.tests.AddToCartTest" name="tc_18_AddingSeveralItemsToCartTest" time="43.059"/>
  <testcase classname="magento.com.tests.AddToCartTest" name="tc_20_deletingItemsFromTheCart" time="87.316"/>
  <testcase classname="magento.com.tests.AddToCartTest" name="tc_19_EditingItemsNumbers" time="88.550"/>
</testsuite> <!-- magento.com.tests.AddToCartTest -->
