<?xml version="1.0" encoding="UTF-8"?>
<!-- Generated by org.testng.reporters.JUnitReportReporter -->
<testsuite hostname="DESKTOP-TGGH1E0" failures="0" tests="6" name="magento.com.tests.BuyingMensClothesTest" time="335.060" errors="0" timestamp="2025-08-15T16:35:15 IDT" skipped="0">
  <testcase classname="magento.com.tests.BuyingMensClothesTest" name="tc_06_buyMenJacket" time="60.009"/>
  <testcase classname="magento.com.tests.BuyingMensClothesTest" name="tc_07_buyMenHoodies" time="52.806"/>
  <testcase classname="magento.com.tests.BuyingMensClothesTest" name="tc_11_buyMenShorts" time="54.606"/>
  <testcase classname="magento.com.tests.BuyingMensClothesTest" name="tc_10_buyMenPants" time="53.432"/>
  <testcase classname="magento.com.tests.BuyingMensClothesTest" name="tc_08_buyMenTees" time="54.286"/>
  <testcase classname="magento.com.tests.BuyingMensClothesTest" name="tc_09_buyMenTanks" time="59.921"/>
</testsuite> <!-- magento.com.tests.BuyingMensClothesTest -->
