<?xml version="1.0" encoding="UTF-8"?>
<!-- Generated by org.testng.reporters.JUnitReportReporter -->
<testsuite hostname="DESKTOP-TGGH1E0" failures="0" tests="6" name="magento.com.tests.BuyingWomenClothesTest" time="329.992" errors="0" timestamp="2025-08-15T16:35:15 IDT" skipped="0">
  <testcase classname="magento.com.tests.BuyingWomenClothesTest" name="tc_16_buyWomenPants" time="55.698"/>
  <testcase classname="magento.com.tests.BuyingWomenClothesTest" name="tc_13_buyWomenHoodies" time="53.650"/>
  <testcase classname="magento.com.tests.BuyingWomenClothesTest" name="tc_17_buyWomenShorts" time="52.870"/>
  <testcase classname="magento.com.tests.BuyingWomenClothesTest" name="tc_12_buyWomenJacket" time="52.980"/>
  <testcase classname="magento.com.tests.BuyingWomenClothesTest" name="tc_15_buyWomenBras" time="53.941"/>
  <testcase classname="magento.com.tests.BuyingWomenClothesTest" name="tc_14_buyWomenteess" time="60.853"/>
</testsuite> <!-- magento.com.tests.BuyingWomenClothesTest -->
