<?xml version="1.0" encoding="UTF-8"?>
<!-- Generated by org.testng.reporters.JUnitReportReporter -->
<testsuite hostname="DESKTOP-TGGH1E0" failures="0" tests="7" name="magento.com.tests.SignInTest" time="107.179" errors="0" timestamp="2025-08-15T16:35:15 IDT" skipped="0">
  <testcase classname="magento.com.tests.SignInTest" name="tc01_loginFailed" time="16.263"/>
  <testcase classname="magento.com.tests.SignInTest" name="tc03_emptyEmailField" time="12.691"/>
  <testcase classname="magento.com.tests.SignInTest" name="tc02_invalidEmail" time="10.770"/>
  <testcase classname="magento.com.tests.SignInTest" name="tc01_loginFailed" time="18.019"/>
  <testcase classname="magento.com.tests.SignInTest" name="tc04_validLogin" time="19.907"/>
  <testcase classname="magento.com.tests.SignInTest" name="tc04_emptyPasswordField" time="11.993"/>
  <testcase classname="magento.com.tests.SignInTest" name="tc01_loginFailed" time="17.536"/>
</testsuite> <!-- magento.com.tests.SignInTest -->
